<?xml version="1.0" encoding="UTF-8"?>
<!-- Generated by org.testng.reporters.JUnitReportReporter -->
<testsuite hostname="DESKTOP-6MPPDND" name="org.testing.DependsOnMethods" tests="5" failures="0" timestamp="29 Jul 2022 09:05:29 GMT" time="0.028" errors="0">
  <testcase name="sample4" time="0.003" classname="org.testing.DependsOnMethods"/>
  <testcase name="sample1" time="0.002" classname="org.testing.DependsOnMethods"/>
  <testcase name="sample2" time="0.020" classname="org.testing.DependsOnMethods"/>
  <testcase name="sample3" time="0.002" classname="org.testing.DependsOnMethods"/>
  <testcase name="sample5" time="0.001" classname="org.testing.DependsOnMethods"/>
</testsuite> <!-- org.testing.DependsOnMethods -->
