<?xml version="1.0" encoding="UTF-8"?>
<!-- Generated by org.testng.reporters.JUnitReportReporter -->
<testsuite hostname="DESKTOP-6MPPDND" name="org.testing.AnnotationsTest" tests="2" failures="0" timestamp="28 Jul 2022 09:23:14 GMT" time="0.018" errors="0">
  <testcase name="simple1" time="0.007" classname="org.testing.AnnotationsTest"/>
  <testcase name="simple" time="0.011" classname="org.testing.AnnotationsTest"/>
</testsuite> <!-- org.testing.AnnotationsTest -->
