<?xml version="1.0" encoding="UTF-8"?>
<!-- Generated by org.testng.reporters.JUnitReportReporter -->
<testsuite hostname="DESKTOP-6MPPDND" name="org.testing.SampleParameters" tests="4" failures="0" timestamp="29 Jul 2022 05:40:04 GMT" time="0.057" errors="0">
  <testcase name="param2" time="0.015" classname="org.testing.SampleParameters"/>
  <testcase name="param1" time="0.005" classname="org.testing.SampleParameters"/>
  <testcase name="param1" time="0.034" classname="org.testing.SampleParameters"/>
  <testcase name="param2" time="0.003" classname="org.testing.SampleParameters"/>
</testsuite> <!-- org.testing.SampleParameters -->
