<?xml version="1.0" encoding="UTF-8"?>
<!-- Generated by org.testng.reporters.JUnitReportReporter -->
<testsuite hostname="DESKTOP-6MPPDND" name="org.testing.ParallelMethods" tests="5" failures="0" timestamp="29 Jul 2022 05:40:04 GMT" time="0.051" errors="0">
  <testcase name="sample3" time="0.003" classname="org.testing.ParallelMethods"/>
  <testcase name="sample1" time="0.034" classname="org.testing.ParallelMethods"/>
  <testcase name="sample2" time="0.005" classname="org.testing.ParallelMethods"/>
  <testcase name="sample4" time="0.004" classname="org.testing.ParallelMethods"/>
  <testcase name="sample5" time="0.005" classname="org.testing.ParallelMethods"/>
</testsuite> <!-- org.testing.ParallelMethods -->
