<?xml version="1.0" encoding="UTF-8"?>
<!-- Generated by org.testng.reporters.JUnitReportReporter -->
<testsuite hostname="DESKTOP-6MPPDND" name="org.testing.PriorityIgnoreTest" tests="6" failures="0" timestamp="28 Jul 2022 18:07:10 GMT" time="0.078" errors="0">
  <testcase name="sample5" time="0.000" classname="org.testing.PriorityIgnoreTest"/>
  <testcase name="sample2" time="0.000" classname="org.testing.PriorityIgnoreTest"/>
  <testcase name="sample4" time="0.078" classname="org.testing.PriorityIgnoreTest"/>
  <testcase name="sample1" time="0.000" classname="org.testing.PriorityIgnoreTest"/>
  <testcase name="sample2" time="0.000" classname="org.testing.PriorityIgnoreTest"/>
  <testcase name="sample2" time="0.000" classname="org.testing.PriorityIgnoreTest"/>
</testsuite> <!-- org.testing.PriorityIgnoreTest -->
