<?xml version="1.0" encoding="UTF-8"?>
<!-- Generated by org.testng.reporters.JUnitReportReporter -->
<testsuite hostname="DESKTOP-6MPPDND" name="org.testing.Groupings" tests="3" failures="0" timestamp="29 Jul 2022 09:26:35 GMT" time="0.023" errors="0">
  <testcase name="sample4" time="0.002" classname="org.testing.Groupings"/>
  <testcase name="sample2" time="0.019" classname="org.testing.Groupings"/>
  <testcase name="sample3" time="0.002" classname="org.testing.Groupings"/>
</testsuite> <!-- org.testing.Groupings -->
